preconditioner_generator, step = 20
0.0015332930531939469
0.001280641006647513
0.001280654121539192
0.001280654121539192
0.001280654121539192
0.001280654121539192
estimate size = 21
pre update chi2_graph =  0.00211873219996537
Rank of new Lambda:  66
Rank of Omega:  12
Rank of Omega compared to old Lambda:  12
condition number before conditioning:  6439.980720033742
condition number after conditioning:  47781.089473136984
cg iterations:  18 0
relin keys =  {1, 2, 3, 4, 5, 6, 7, 8, 9, 10, 11, 12, 13, 14, 15, 16, 17, 18, 19, 20, 21}
relin factors =  {1, 2, 3, 4, 5, 6, 7, 8, 9, 10, 11, 12, 13, 14, 15, 16, 17, 18, 19, 20, 21, 22, 23, 24, 25, 26, 27}
post update chi2_graph =  0.0010612981314060282
estimate size = 22
pre update chi2_graph =  0.0024892715754120057
Rank of new Lambda:  69
Rank of Omega:  68
Rank of Omega compared to old Lambda:  63
condition number before conditioning:  7282.81436770877
condition number after conditioning:  161398.52569088567
cg iterations:  26 0
relin keys =  {1, 2, 3, 4, 5, 6, 7, 8, 9, 10, 11, 12, 13, 14, 15, 16, 17, 18, 19, 20, 21, 22}
relin factors =  {1, 2, 3, 4, 5, 6, 7, 8, 9, 10, 11, 12, 13, 14, 15, 16, 17, 18, 19, 20, 21, 22, 23, 24, 25, 26, 27, 28, 29, 30, 31}
post update chi2_graph =  0.0011939017102296917
estimate size = 23
pre update chi2_graph =  0.0026191230351339054
Rank of new Lambda:  72
Rank of Omega:  71
Rank of Omega compared to old Lambda:  63
condition number before conditioning:  7537.555343817055
condition number after conditioning:  404102.4121509906
cg iterations:  37 0
relin keys =  {2, 3, 4, 5, 6, 7, 8, 9, 10, 11, 12, 13, 14, 15, 16, 17, 18, 19, 21, 22, 23}
relin factors =  {2, 3, 4, 5, 6, 7, 8, 9, 10, 11, 12, 13, 14, 15, 16, 17, 18, 19, 20, 21, 24, 25, 26, 27, 28, 29, 30, 31, 32, 33, 34, 35}
post update chi2_graph =  0.001527815518595618
estimate size = 24
pre update chi2_graph =  0.003070395815045637
Rank of new Lambda:  75
Rank of Omega:  72
Rank of Omega compared to old Lambda:  63
condition number before conditioning:  7906.866949072859
condition number after conditioning:  827695.8429835686
cg iterations:  46 0
relin keys =  {1, 2, 3, 4, 5, 6, 7, 8, 9, 10, 11, 12, 13, 14, 15, 16, 17, 18, 19, 21, 22, 23, 24}
relin factors =  {1, 2, 3, 4, 5, 6, 7, 8, 9, 10, 11, 12, 13, 14, 15, 16, 17, 18, 19, 20, 21, 22, 24, 25, 26, 27, 28, 29, 30, 31, 32, 33, 34, 35, 36, 37, 38, 39}
post update chi2_graph =  0.001808388888334954
pre update chi2_graph =  0.001808388888334954
Rank of new Lambda:  75
Rank of Omega:  74
Rank of Omega compared to old Lambda:  63
condition number before conditioning:  7969.93746689561
condition number after conditioning:  828844.5847142333
cg iterations:  46 0
relin keys =  {4, 5}
relin factors =  {32, 4, 37, 5, 36, 6}
r error =  0.0003253671488592073
post update chi2_graph =  0.001807800689378945
pre update chi2_graph =  0.001807800689378945
Rank of new Lambda:  75
Rank of Omega:  16
Rank of Omega compared to old Lambda:  63
condition number before conditioning:  7970.638702615682
condition number after conditioning:  829043.1719937281
cg iterations:  47 0
relin keys =  set()
relin factors =  set()
r error =  4.5104845052438523e-07
post update chi2_graph =  0.001807799873973613
estimate size = 25
preconditioner_generator, step = 800
0.016923281557134597
0.0017222282112024235
0.0017072513062626543
0.001707249300506166
0.001707249270858694
0.001707249270858694
estimate size = 801
pre update chi2_graph =  0.0017191732734596107
Rank of new Lambda:  2406
Rank of Omega:  33
Rank of Omega compared to old Lambda:  33
condition number before conditioning:  1546029902.6976833
condition number after conditioning:  858525142059270.9
cg iterations:  73 0
relin keys =  {780, 781, 782, 783, 784, 785, 800, 801, 700, 701, 702, 703, 704, 705, 706, 707, 708, 709, 710, 711, 712, 713, 714, 715, 716, 717, 718, 719, 720, 721, 722, 723, 724, 725, 726, 727, 728, 729, 730, 731, 732, 733, 734, 735, 736, 737, 738, 739, 740, 741, 742, 743, 744, 745, 760, 761, 762, 763, 764, 765}
relin factors =  {2581, 2582, 2583, 2584, 2585, 2586, 2587, 2588, 2589, 2590, 2591, 2592, 2593, 2594, 2595, 2596, 2597, 2598, 2599, 2600, 2601, 2602, 2603, 2604, 2605, 2606, 2607, 2608, 2609, 2610, 2613, 2614, 2681, 2682, 2683, 2684, 2685, 2686, 2687, 2688, 2689, 2690, 2691, 2692, 2693, 2694, 2695, 2696, 2697, 2698, 2699, 2700, 2701, 2702, 2703, 2704, 2705, 2706, 2707, 2708, 2709, 2710, 2711, 2712, 2713, 2714, 2715, 2716, 2717, 2718, 2719, 2720, 2721, 2722, 2723, 2724, 2725, 2726, 2727, 2728, 2729, 2734, 2735, 2736, 2841, 2842, 2843, 2844, 2845, 2846, 2847, 2848, 2849, 2850, 2851, 2852, 2853, 2854, 2855, 2856, 2857, 2858, 2859, 2860, 2861, 2862, 2863, 2864, 2865, 2866, 2867, 2868, 2481, 2482, 2483, 2484, 2485, 2486, 2487, 2488, 2489, 2490, 2491, 2492, 2493, 2494, 2495, 2496, 2497, 2498, 2499, 2500, 2501, 2502, 2503, 2504, 2505, 2506, 2507, 2508, 2509, 2510, 2511, 2512, 2513, 2514, 2515, 2516, 2517, 2518, 2519, 2520, 2521, 2522, 2523, 2524, 2525, 2526, 2527, 2528, 2529, 2530, 2531, 2532, 2533, 2534, 2535, 2536, 2537, 2538, 2539, 2540, 2541, 2542, 2543, 2544, 2545, 2546, 2547, 2548, 2549, 2550, 2551, 2552}
post update chi2_graph =  0.0017044137857901626
