dataset: w10000
preconditioner type: fullincompletechol
lc_lookahead: 1

preconditioner_generator, step = 59
0.0018810923398299264
preconditioner_generator, step = 60
0.0019079038216582563
Old A shape:  (723, 180)
New A shape:  (750, 183)
Matrix size:  (183, 183)
Relin rank:  159
Observe rank:  27
0 0 0 3.0020116432937725 0.0
1 0 0 -0.3331099671894715 -5.551115123125783e-17
156 0 0 0.004436305986607391 8.673617379884035e-19
157 0 0 0.3350855372310584 5.551115123125783e-17
158 0 0 -0.3331099671894715 -5.551115123125783e-17
159 0 0 -0.003420735343403924 0.0
160 0 0 -0.335097443502549 -5.551115123125783e-17
163 0 0 -0.3331099671894715 -5.551115123125783e-17
168 0 0 -0.3331099671894715 -5.551115123125783e-17
171 0 0 -0.3331099671894715 -5.551115123125783e-17
175 0 0 -0.3331099671894715 -5.551115123125783e-17
178 0 0 -0.3331099671894715 -5.551115123125783e-17
179 0 0 -0.3331099671894715 -5.551115123125783e-17
1 1 0.11096225024097078 3.286105779329269 0.0
156 1 -0.001477777741641244 0.0090514229826314 0.0
157 1 -0.1116203323127043 0.32462793295413106 -5.551115123125783e-17
158 1 0.11096225024097078 -0.33807866357477107 5.551115123125783e-17
159 1 0.0011394810380051467 0.004249008627889373 0.0
160 1 0.11162429841040987 -0.049410476070915095 6.938893903907228e-18
161 1 0.0 0.0011781109655085752 -2.168404344971009e-19
162 1 0.0 -0.3200389632654002 5.551115123125783e-17
163 1 0.11096225024097078 -0.33807866357477107 5.551115123125783e-17
166 1 0.0 0.002545290102022175 0.0
167 1 0.0 0.28667322986444754 -5.551115123125783e-17
168 1 0.11096225024097078 -0.33807866357477107 5.551115123125783e-17
169 1 0.0 -0.02114060449385142 0.0
170 1 0.0 -0.241736076393552 2.7755575615628914e-17
171 1 0.11096225024097078 -0.33807866357477107 5.551115123125783e-17
175 1 0.11096225024097078 -0.33807866357477107 5.551115123125783e-17
178 1 0.11096225024097078 -0.33807866357477107 5.551115123125783e-17
179 1 0.11096225024097078 -0.33807866357477107 5.551115123125783e-17
